[     290ms] [INFO] %cDownload the React DevTools for a better development experience: https://react.dev/link/react-devtools font-weight:bold @ http://localhost:5173/ap-gis-grid/node_modules/.vite/deps/react-dom_client.js?v=a58fcffa:20102
[     320ms] [ERROR] Failed to load resource: the server responded with a status of 404 (Not Found) @ http://localhost:5173/favicon.ico:0
[    1338ms] [ERROR] Error: layers.grid-lines-casing.paint.line-width: "zoom" expression may only be used as input to a top-level "step" or "interpolate" expression.
    at Object.hs [as C] (http://localhost:5173/ap-gis-grid/node_modules/.vite/deps/maplibre-gl.js?v=774c8011:3408:84)
    at Li (http://localhost:5173/ap-gis-grid/node_modules/.vite/deps/maplibre-gl.js?v=774c8011:18493:34)
    at ki._validate (http://localhost:5173/ap-gis-grid/node_modules/.vite/deps/maplibre-gl.js?v=774c8011:19130:69)
    at ki.addLayer (http://localhost:5173/ap-gis-grid/node_modules/.vite/deps/maplibre-gl.js?v=774c8011:18872:152)
    at ds.addLayer (http://localhost:5173/ap-gis-grid/node_modules/.vite/deps/maplibre-gl.js?v=774c8011:23040:59)
    at addGridLayers (http://localhost:5173/ap-gis-grid/src/map/layers.ts:175:38)
    at ds.<anonymous> (http://localhost:5173/ap-gis-grid/src/map/MapView.tsx:83:7)
    at ds.fire (http://localhost:5173/ap-gis-grid/node_modules/.vite/deps/maplibre-gl.js?v=774c8011:496:39)
    at ds._render (http://localhost:5173/ap-gis-grid/node_modules/.vite/deps/maplibre-gl.js?v=774c8011:23207:1570)
    at http://localhost:5173/ap-gis-grid/node_modules/.vite/deps/maplibre-gl.js?v=774c8011:23226:22 @ http://localhost:5173/ap-gis-grid/node_modules/.vite/deps/maplibre-gl.js?v=774c8011:500
[    1339ms] [ERROR] Error: layers.grid-lines-sc.paint.line-width: "zoom" expression may only be used as input to a top-level "step" or "interpolate" expression.
    at Object.hs [as C] (http://localhost:5173/ap-gis-grid/node_modules/.vite/deps/maplibre-gl.js?v=774c8011:3408:84)
    at Li (http://localhost:5173/ap-gis-grid/node_modules/.vite/deps/maplibre-gl.js?v=774c8011:18493:34)
    at ki._validate (http://localhost:5173/ap-gis-grid/node_modules/.vite/deps/maplibre-gl.js?v=774c8011:19130:69)
    at ki.addLayer (http://localhost:5173/ap-gis-grid/node_modules/.vite/deps/maplibre-gl.js?v=774c8011:18872:152)
    at ds.addLayer (http://localhost:5173/ap-gis-grid/node_modules/.vite/deps/maplibre-gl.js?v=774c8011:23040:59)
    at addGridLayers (http://localhost:5173/ap-gis-grid/src/map/layers.ts:175:38)
    at ds.<anonymous> (http://localhost:5173/ap-gis-grid/src/map/MapView.tsx:83:7)
    at ds.fire (http://localhost:5173/ap-gis-grid/node_modules/.vite/deps/maplibre-gl.js?v=774c8011:496:39)
    at ds._render (http://localhost:5173/ap-gis-grid/node_modules/.vite/deps/maplibre-gl.js?v=774c8011:23207:1570)
    at http://localhost:5173/ap-gis-grid/node_modules/.vite/deps/maplibre-gl.js?v=774c8011:23226:22 @ http://localhost:5173/ap-gis-grid/node_modules/.vite/deps/maplibre-gl.js?v=774c8011:500
[    1339ms] [ERROR] Error: layers.grid-lines-dc.paint.line-width: "zoom" expression may only be used as input to a top-level "step" or "interpolate" expression.
    at Object.hs [as C] (http://localhost:5173/ap-gis-grid/node_modules/.vite/deps/maplibre-gl.js?v=774c8011:3408:84)
    at Li (http://localhost:5173/ap-gis-grid/node_modules/.vite/deps/maplibre-gl.js?v=774c8011:18493:34)
    at ki._validate (http://localhost:5173/ap-gis-grid/node_modules/.vite/deps/maplibre-gl.js?v=774c8011:19130:69)
    at ki.addLayer (http://localhost:5173/ap-gis-grid/node_modules/.vite/deps/maplibre-gl.js?v=774c8011:18872:152)
    at ds.addLayer (http://localhost:5173/ap-gis-grid/node_modules/.vite/deps/maplibre-gl.js?v=774c8011:23040:59)
    at addGridLayers (http://localhost:5173/ap-gis-grid/src/map/layers.ts:175:38)
    at ds.<anonymous> (http://localhost:5173/ap-gis-grid/src/map/MapView.tsx:83:7)
    at ds.fire (http://localhost:5173/ap-gis-grid/node_modules/.vite/deps/maplibre-gl.js?v=774c8011:496:39)
    at ds._render (http://localhost:5173/ap-gis-grid/node_modules/.vite/deps/maplibre-gl.js?v=774c8011:23207:1570)
    at http://localhost:5173/ap-gis-grid/node_modules/.vite/deps/maplibre-gl.js?v=774c8011:23226:22 @ http://localhost:5173/ap-gis-grid/node_modules/.vite/deps/maplibre-gl.js?v=774c8011:500
[    1339ms] [ERROR] Error: layers.grid-substations.paint.circle-radius: "zoom" expression may only be used as input to a top-level "step" or "interpolate" expression.
    at Object.hs [as C] (http://localhost:5173/ap-gis-grid/node_modules/.vite/deps/maplibre-gl.js?v=774c8011:3408:84)
    at Li (http://localhost:5173/ap-gis-grid/node_modules/.vite/deps/maplibre-gl.js?v=774c8011:18493:34)
    at ki._validate (http://localhost:5173/ap-gis-grid/node_modules/.vite/deps/maplibre-gl.js?v=774c8011:19130:69)
    at ki.addLayer (http://localhost:5173/ap-gis-grid/node_modules/.vite/deps/maplibre-gl.js?v=774c8011:18872:152)
    at ds.addLayer (http://localhost:5173/ap-gis-grid/node_modules/.vite/deps/maplibre-gl.js?v=774c8011:23040:59)
    at addGridLayers (http://localhost:5173/ap-gis-grid/src/map/layers.ts:175:38)
    at ds.<anonymous> (http://localhost:5173/ap-gis-grid/src/map/MapView.tsx:83:7)
    at ds.fire (http://localhost:5173/ap-gis-grid/node_modules/.vite/deps/maplibre-gl.js?v=774c8011:496:39)
    at ds._render (http://localhost:5173/ap-gis-grid/node_modules/.vite/deps/maplibre-gl.js?v=774c8011:23207:1570)
    at http://localhost:5173/ap-gis-grid/node_modules/.vite/deps/maplibre-gl.js?v=774c8011:23226:22 @ http://localhost:5173/ap-gis-grid/node_modules/.vite/deps/maplibre-gl.js?v=774c8011:500
[   18150ms] [ERROR] Error: layers.grid-lines-casing.paint.line-width: "zoom" expression may only be used as input to a top-level "step" or "interpolate" expression.
    at Object.hs [as C] (http://localhost:5173/ap-gis-grid/node_modules/.vite/deps/maplibre-gl.js?v=774c8011:3408:84)
    at Li (http://localhost:5173/ap-gis-grid/node_modules/.vite/deps/maplibre-gl.js?v=774c8011:18493:34)
    at ki._validate (http://localhost:5173/ap-gis-grid/node_modules/.vite/deps/maplibre-gl.js?v=774c8011:19130:69)
    at ki.addLayer (http://localhost:5173/ap-gis-grid/node_modules/.vite/deps/maplibre-gl.js?v=774c8011:18872:152)
    at ds.addLayer (http://localhost:5173/ap-gis-grid/node_modules/.vite/deps/maplibre-gl.js?v=774c8011:23040:59)
    at addGridLayers (http://localhost:5173/ap-gis-grid/src/map/layers.ts:175:38)
    at ds.onStyle (http://localhost:5173/ap-gis-grid/src/map/MapView.tsx:126:7)
    at ds.fire (http://localhost:5173/ap-gis-grid/node_modules/.vite/deps/maplibre-gl.js?v=774c8011:498:75)
    at ds.<anonymous> (http://localhost:5173/ap-gis-grid/node_modules/.vite/deps/maplibre-gl.js?v=774c8011:22651:59)
    at ds.fire (http://localhost:5173/ap-gis-grid/node_modules/.vite/deps/maplibre-gl.js?v=774c8011:496:39) @ http://localhost:5173/ap-gis-grid/node_modules/.vite/deps/maplibre-gl.js?v=774c8011:500
[   18151ms] [ERROR] Error: layers.grid-lines-sc.paint.line-width: "zoom" expression may only be used as input to a top-level "step" or "interpolate" expression.
    at Object.hs [as C] (http://localhost:5173/ap-gis-grid/node_modules/.vite/deps/maplibre-gl.js?v=774c8011:3408:84)
    at Li (http://localhost:5173/ap-gis-grid/node_modules/.vite/deps/maplibre-gl.js?v=774c8011:18493:34)
    at ki._validate (http://localhost:5173/ap-gis-grid/node_modules/.vite/deps/maplibre-gl.js?v=774c8011:19130:69)
    at ki.addLayer (http://localhost:5173/ap-gis-grid/node_modules/.vite/deps/maplibre-gl.js?v=774c8011:18872:152)
    at ds.addLayer (http://localhost:5173/ap-gis-grid/node_modules/.vite/deps/maplibre-gl.js?v=774c8011:23040:59)
    at addGridLayers (http://localhost:5173/ap-gis-grid/src/map/layers.ts:175:38)
    at ds.onStyle (http://localhost:5173/ap-gis-grid/src/map/MapView.tsx:126:7)
    at ds.fire (http://localhost:5173/ap-gis-grid/node_modules/.vite/deps/maplibre-gl.js?v=774c8011:498:75)
    at ds.<anonymous> (http://localhost:5173/ap-gis-grid/node_modules/.vite/deps/maplibre-gl.js?v=774c8011:22651:59)
    at ds.fire (http://localhost:5173/ap-gis-grid/node_modules/.vite/deps/maplibre-gl.js?v=774c8011:496:39) @ http://localhost:5173/ap-gis-grid/node_modules/.vite/deps/maplibre-gl.js?v=774c8011:500
[   18151ms] [ERROR] Error: layers.grid-lines-dc.paint.line-width: "zoom" expression may only be used as input to a top-level "step" or "interpolate" expression.
    at Object.hs [as C] (http://localhost:5173/ap-gis-grid/node_modules/.vite/deps/maplibre-gl.js?v=774c8011:3408:84)
    at Li (http://localhost:5173/ap-gis-grid/node_modules/.vite/deps/maplibre-gl.js?v=774c8011:18493:34)
    at ki._validate (http://localhost:5173/ap-gis-grid/node_modules/.vite/deps/maplibre-gl.js?v=774c8011:19130:69)
    at ki.addLayer (http://localhost:5173/ap-gis-grid/node_modules/.vite/deps/maplibre-gl.js?v=774c8011:18872:152)
    at ds.addLayer (http://localhost:5173/ap-gis-grid/node_modules/.vite/deps/maplibre-gl.js?v=774c8011:23040:59)
    at addGridLayers (http://localhost:5173/ap-gis-grid/src/map/layers.ts:175:38)
    at ds.onStyle (http://localhost:5173/ap-gis-grid/src/map/MapView.tsx:126:7)
    at ds.fire (http://localhost:5173/ap-gis-grid/node_modules/.vite/deps/maplibre-gl.js?v=774c8011:498:75)
    at ds.<anonymous> (http://localhost:5173/ap-gis-grid/node_modules/.vite/deps/maplibre-gl.js?v=774c8011:22651:59)
    at ds.fire (http://localhost:5173/ap-gis-grid/node_modules/.vite/deps/maplibre-gl.js?v=774c8011:496:39) @ http://localhost:5173/ap-gis-grid/node_modules/.vite/deps/maplibre-gl.js?v=774c8011:500
[   18151ms] [ERROR] Error: layers.grid-substations.paint.circle-radius: "zoom" expression may only be used as input to a top-level "step" or "interpolate" expression.
    at Object.hs [as C] (http://localhost:5173/ap-gis-grid/node_modules/.vite/deps/maplibre-gl.js?v=774c8011:3408:84)
    at Li (http://localhost:5173/ap-gis-grid/node_modules/.vite/deps/maplibre-gl.js?v=774c8011:18493:34)
    at ki._validate (http://localhost:5173/ap-gis-grid/node_modules/.vite/deps/maplibre-gl.js?v=774c8011:19130:69)
    at ki.addLayer (http://localhost:5173/ap-gis-grid/node_modules/.vite/deps/maplibre-gl.js?v=774c8011:18872:152)
    at ds.addLayer (http://localhost:5173/ap-gis-grid/node_modules/.vite/deps/maplibre-gl.js?v=774c8011:23040:59)
    at addGridLayers (http://localhost:5173/ap-gis-grid/src/map/layers.ts:175:38)
    at ds.onStyle (http://localhost:5173/ap-gis-grid/src/map/MapView.tsx:126:7)
    at ds.fire (http://localhost:5173/ap-gis-grid/node_modules/.vite/deps/maplibre-gl.js?v=774c8011:498:75)
    at ds.<anonymous> (http://localhost:5173/ap-gis-grid/node_modules/.vite/deps/maplibre-gl.js?v=774c8011:22651:59)
    at ds.fire (http://localhost:5173/ap-gis-grid/node_modules/.vite/deps/maplibre-gl.js?v=774c8011:496:39) @ http://localhost:5173/ap-gis-grid/node_modules/.vite/deps/maplibre-gl.js?v=774c8011:500
[   18873ms] [ERROR] Error: layers.grid-lines-casing.paint.line-width: "zoom" expression may only be used as input to a top-level "step" or "interpolate" expression.
    at Object.hs [as C] (http://localhost:5173/ap-gis-grid/node_modules/.vite/deps/maplibre-gl.js?v=774c8011:3408:84)
    at Li (http://localhost:5173/ap-gis-grid/node_modules/.vite/deps/maplibre-gl.js?v=774c8011:18493:34)
    at ki._validate (http://localhost:5173/ap-gis-grid/node_modules/.vite/deps/maplibre-gl.js?v=774c8011:19130:69)
    at ki.addLayer (http://localhost:5173/ap-gis-grid/node_modules/.vite/deps/maplibre-gl.js?v=774c8011:18872:152)
    at ds.addLayer (http://localhost:5173/ap-gis-grid/node_modules/.vite/deps/maplibre-gl.js?v=774c8011:23040:59)
    at addGridLayers (http://localhost:5173/ap-gis-grid/src/map/layers.ts:175:38)
    at ds.onStyle (http://localhost:5173/ap-gis-grid/src/map/MapView.tsx:126:7)
    at ds.fire (http://localhost:5173/ap-gis-grid/node_modules/.vite/deps/maplibre-gl.js?v=774c8011:498:75)
    at ds.<anonymous> (http://localhost:5173/ap-gis-grid/node_modules/.vite/deps/maplibre-gl.js?v=774c8011:22651:59)
    at ds.fire (http://localhost:5173/ap-gis-grid/node_modules/.vite/deps/maplibre-gl.js?v=774c8011:496:39) @ http://localhost:5173/ap-gis-grid/node_modules/.vite/deps/maplibre-gl.js?v=774c8011:500
[   18874ms] [ERROR] Error: layers.grid-lines-sc.paint.line-width: "zoom" expression may only be used as input to a top-level "step" or "interpolate" expression.
    at Object.hs [as C] (http://localhost:5173/ap-gis-grid/node_modules/.vite/deps/maplibre-gl.js?v=774c8011:3408:84)
    at Li (http://localhost:5173/ap-gis-grid/node_modules/.vite/deps/maplibre-gl.js?v=774c8011:18493:34)
    at ki._validate (http://localhost:5173/ap-gis-grid/node_modules/.vite/deps/maplibre-gl.js?v=774c8011:19130:69)
    at ki.addLayer (http://localhost:5173/ap-gis-grid/node_modules/.vite/deps/maplibre-gl.js?v=774c8011:18872:152)
    at ds.addLayer (http://localhost:5173/ap-gis-grid/node_modules/.vite/deps/maplibre-gl.js?v=774c8011:23040:59)
    at addGridLayers (http://localhost:5173/ap-gis-grid/src/map/layers.ts:175:38)
    at ds.onStyle (http://localhost:5173/ap-gis-grid/src/map/MapView.tsx:126:7)
    at ds.fire (http://localhost:5173/ap-gis-grid/node_modules/.vite/deps/maplibre-gl.js?v=774c8011:498:75)
    at ds.<anonymous> (http://localhost:5173/ap-gis-grid/node_modules/.vite/deps/maplibre-gl.js?v=774c8011:22651:59)
    at ds.fire (http://localhost:5173/ap-gis-grid/node_modules/.vite/deps/maplibre-gl.js?v=774c8011:496:39) @ http://localhost:5173/ap-gis-grid/node_modules/.vite/deps/maplibre-gl.js?v=774c8011:500
[   18874ms] [ERROR] Error: layers.grid-lines-dc.paint.line-width: "zoom" expression may only be used as input to a top-level "step" or "interpolate" expression.
    at Object.hs [as C] (http://localhost:5173/ap-gis-grid/node_modules/.vite/deps/maplibre-gl.js?v=774c8011:3408:84)
    at Li (http://localhost:5173/ap-gis-grid/node_modules/.vite/deps/maplibre-gl.js?v=774c8011:18493:34)
    at ki._validate (http://localhost:5173/ap-gis-grid/node_modules/.vite/deps/maplibre-gl.js?v=774c8011:19130:69)
    at ki.addLayer (http://localhost:5173/ap-gis-grid/node_modules/.vite/deps/maplibre-gl.js?v=774c8011:18872:152)
    at ds.addLayer (http://localhost:5173/ap-gis-grid/node_modules/.vite/deps/maplibre-gl.js?v=774c8011:23040:59)
    at addGridLayers (http://localhost:5173/ap-gis-grid/src/map/layers.ts:175:38)
    at ds.onStyle (http://localhost:5173/ap-gis-grid/src/map/MapView.tsx:126:7)
    at ds.fire (http://localhost:5173/ap-gis-grid/node_modules/.vite/deps/maplibre-gl.js?v=774c8011:498:75)
    at ds.<anonymous> (http://localhost:5173/ap-gis-grid/node_modules/.vite/deps/maplibre-gl.js?v=774c8011:22651:59)
    at ds.fire (http://localhost:5173/ap-gis-grid/node_modules/.vite/deps/maplibre-gl.js?v=774c8011:496:39) @ http://localhost:5173/ap-gis-grid/node_modules/.vite/deps/maplibre-gl.js?v=774c8011:500
[   18874ms] [ERROR] Error: layers.grid-substations.paint.circle-radius: "zoom" expression may only be used as input to a top-level "step" or "interpolate" expression.
    at Object.hs [as C] (http://localhost:5173/ap-gis-grid/node_modules/.vite/deps/maplibre-gl.js?v=774c8011:3408:84)
    at Li (http://localhost:5173/ap-gis-grid/node_modules/.vite/deps/maplibre-gl.js?v=774c8011:18493:34)
    at ki._validate (http://localhost:5173/ap-gis-grid/node_modules/.vite/deps/maplibre-gl.js?v=774c8011:19130:69)
    at ki.addLayer (http://localhost:5173/ap-gis-grid/node_modules/.vite/deps/maplibre-gl.js?v=774c8011:18872:152)
    at ds.addLayer (http://localhost:5173/ap-gis-grid/node_modules/.vite/deps/maplibre-gl.js?v=774c8011:23040:59)
    at addGridLayers (http://localhost:5173/ap-gis-grid/src/map/layers.ts:175:38)
    at ds.onStyle (http://localhost:5173/ap-gis-grid/src/map/MapView.tsx:126:7)
    at ds.fire (http://localhost:5173/ap-gis-grid/node_modules/.vite/deps/maplibre-gl.js?v=774c8011:498:75)
    at ds.<anonymous> (http://localhost:5173/ap-gis-grid/node_modules/.vite/deps/maplibre-gl.js?v=774c8011:22651:59)
    at ds.fire (http://localhost:5173/ap-gis-grid/node_modules/.vite/deps/maplibre-gl.js?v=774c8011:496:39) @ http://localhost:5173/ap-gis-grid/node_modules/.vite/deps/maplibre-gl.js?v=774c8011:500
[   19368ms] [ERROR] Error: layers.grid-lines-casing.paint.line-width: "zoom" expression may only be used as input to a top-level "step" or "interpolate" expression.
    at Object.hs [as C] (http://localhost:5173/ap-gis-grid/node_modules/.vite/deps/maplibre-gl.js?v=774c8011:3408:84)
    at Li (http://localhost:5173/ap-gis-grid/node_modules/.vite/deps/maplibre-gl.js?v=774c8011:18493:34)
    at ki._validate (http://localhost:5173/ap-gis-grid/node_modules/.vite/deps/maplibre-gl.js?v=774c8011:19130:69)
    at ki.addLayer (http://localhost:5173/ap-gis-grid/node_modules/.vite/deps/maplibre-gl.js?v=774c8011:18872:152)
    at ds.addLayer (http://localhost:5173/ap-gis-grid/node_modules/.vite/deps/maplibre-gl.js?v=774c8011:23040:59)
    at addGridLayers (http://localhost:5173/ap-gis-grid/src/map/layers.ts:175:38)
    at ds.onStyle (http://localhost:5173/ap-gis-grid/src/map/MapView.tsx:126:7)
    at ds.fire (http://localhost:5173/ap-gis-grid/node_modules/.vite/deps/maplibre-gl.js?v=774c8011:498:75)
    at ds.<anonymous> (http://localhost:5173/ap-gis-grid/node_modules/.vite/deps/maplibre-gl.js?v=774c8011:22651:59)
    at ds.fire (http://localhost:5173/ap-gis-grid/node_modules/.vite/deps/maplibre-gl.js?v=774c8011:496:39) @ http://localhost:5173/ap-gis-grid/node_modules/.vite/deps/maplibre-gl.js?v=774c8011:500
[   19368ms] [ERROR] Error: layers.grid-lines-sc.paint.line-width: "zoom" expression may only be used as input to a top-level "step" or "interpolate" expression.
    at Object.hs [as C] (http://localhost:5173/ap-gis-grid/node_modules/.vite/deps/maplibre-gl.js?v=774c8011:3408:84)
    at Li (http://localhost:5173/ap-gis-grid/node_modules/.vite/deps/maplibre-gl.js?v=774c8011:18493:34)
    at ki._validate (http://localhost:5173/ap-gis-grid/node_modules/.vite/deps/maplibre-gl.js?v=774c8011:19130:69)
    at ki.addLayer (http://localhost:5173/ap-gis-grid/node_modules/.vite/deps/maplibre-gl.js?v=774c8011:18872:152)
    at ds.addLayer (http://localhost:5173/ap-gis-grid/node_modules/.vite/deps/maplibre-gl.js?v=774c8011:23040:59)
    at addGridLayers (http://localhost:5173/ap-gis-grid/src/map/layers.ts:175:38)
    at ds.onStyle (http://localhost:5173/ap-gis-grid/src/map/MapView.tsx:126:7)
    at ds.fire (http://localhost:5173/ap-gis-grid/node_modules/.vite/deps/maplibre-gl.js?v=774c8011:498:75)
    at ds.<anonymous> (http://localhost:5173/ap-gis-grid/node_modules/.vite/deps/maplibre-gl.js?v=774c8011:22651:59)
    at ds.fire (http://localhost:5173/ap-gis-grid/node_modules/.vite/deps/maplibre-gl.js?v=774c8011:496:39) @ http://localhost:5173/ap-gis-grid/node_modules/.vite/deps/maplibre-gl.js?v=774c8011:500
[   19369ms] [ERROR] Error: layers.grid-lines-dc.paint.line-width: "zoom" expression may only be used as input to a top-level "step" or "interpolate" expression.
    at Object.hs [as C] (http://localhost:5173/ap-gis-grid/node_modules/.vite/deps/maplibre-gl.js?v=774c8011:3408:84)
    at Li (http://localhost:5173/ap-gis-grid/node_modules/.vite/deps/maplibre-gl.js?v=774c8011:18493:34)
    at ki._validate (http://localhost:5173/ap-gis-grid/node_modules/.vite/deps/maplibre-gl.js?v=774c8011:19130:69)
    at ki.addLayer (http://localhost:5173/ap-gis-grid/node_modules/.vite/deps/maplibre-gl.js?v=774c8011:18872:152)
    at ds.addLayer (http://localhost:5173/ap-gis-grid/node_modules/.vite/deps/maplibre-gl.js?v=774c8011:23040:59)
    at addGridLayers (http://localhost:5173/ap-gis-grid/src/map/layers.ts:175:38)
    at ds.onStyle (http://localhost:5173/ap-gis-grid/src/map/MapView.tsx:126:7)
    at ds.fire (http://localhost:5173/ap-gis-grid/node_modules/.vite/deps/maplibre-gl.js?v=774c8011:498:75)
    at ds.<anonymous> (http://localhost:5173/ap-gis-grid/node_modules/.vite/deps/maplibre-gl.js?v=774c8011:22651:59)
    at ds.fire (http://localhost:5173/ap-gis-grid/node_modules/.vite/deps/maplibre-gl.js?v=774c8011:496:39) @ http://localhost:5173/ap-gis-grid/node_modules/.vite/deps/maplibre-gl.js?v=774c8011:500
[   19369ms] [ERROR] Error: layers.grid-substations.paint.circle-radius: "zoom" expression may only be used as input to a top-level "step" or "interpolate" expression.
    at Object.hs [as C] (http://localhost:5173/ap-gis-grid/node_modules/.vite/deps/maplibre-gl.js?v=774c8011:3408:84)
    at Li (http://localhost:5173/ap-gis-grid/node_modules/.vite/deps/maplibre-gl.js?v=774c8011:18493:34)
    at ki._validate (http://localhost:5173/ap-gis-grid/node_modules/.vite/deps/maplibre-gl.js?v=774c8011:19130:69)
    at ki.addLayer (http://localhost:5173/ap-gis-grid/node_modules/.vite/deps/maplibre-gl.js?v=774c8011:18872:152)
    at ds.addLayer (http://localhost:5173/ap-gis-grid/node_modules/.vite/deps/maplibre-gl.js?v=774c8011:23040:59)
    at addGridLayers (http://localhost:5173/ap-gis-grid/src/map/layers.ts:175:38)
    at ds.onStyle (http://localhost:5173/ap-gis-grid/src/map/MapView.tsx:126:7)
    at ds.fire (http://localhost:5173/ap-gis-grid/node_modules/.vite/deps/maplibre-gl.js?v=774c8011:498:75)
    at ds.<anonymous> (http://localhost:5173/ap-gis-grid/node_modules/.vite/deps/maplibre-gl.js?v=774c8011:22651:59)
    at ds.fire (http://localhost:5173/ap-gis-grid/node_modules/.vite/deps/maplibre-gl.js?v=774c8011:496:39) @ http://localhost:5173/ap-gis-grid/node_modules/.vite/deps/maplibre-gl.js?v=774c8011:500
[   45462ms] [ERROR] Error: layers.grid-lines-casing.paint.line-width: "zoom" expression may only be used as input to a top-level "step" or "interpolate" expression.
    at Object.hs [as C] (http://localhost:5173/ap-gis-grid/node_modules/.vite/deps/maplibre-gl.js?v=774c8011:3408:84)
    at Li (http://localhost:5173/ap-gis-grid/node_modules/.vite/deps/maplibre-gl.js?v=774c8011:18493:34)
    at ki._validate (http://localhost:5173/ap-gis-grid/node_modules/.vite/deps/maplibre-gl.js?v=774c8011:19130:69)
    at ki.addLayer (http://localhost:5173/ap-gis-grid/node_modules/.vite/deps/maplibre-gl.js?v=774c8011:18872:152)
    at ds.addLayer (http://localhost:5173/ap-gis-grid/node_modules/.vite/deps/maplibre-gl.js?v=774c8011:23040:59)
    at addGridLayers (http://localhost:5173/ap-gis-grid/src/map/layers.ts:175:38)
    at ds.onStyle (http://localhost:5173/ap-gis-grid/src/map/MapView.tsx:126:7)
    at ds.fire (http://localhost:5173/ap-gis-grid/node_modules/.vite/deps/maplibre-gl.js?v=774c8011:498:75)
    at ds.<anonymous> (http://localhost:5173/ap-gis-grid/node_modules/.vite/deps/maplibre-gl.js?v=774c8011:22651:59)
    at ds.fire (http://localhost:5173/ap-gis-grid/node_modules/.vite/deps/maplibre-gl.js?v=774c8011:496:39) @ http://localhost:5173/ap-gis-grid/node_modules/.vite/deps/maplibre-gl.js?v=774c8011:500
[   45462ms] [ERROR] Error: layers.grid-lines-sc.paint.line-width: "zoom" expression may only be used as input to a top-level "step" or "interpolate" expression.
    at Object.hs [as C] (http://localhost:5173/ap-gis-grid/node_modules/.vite/deps/maplibre-gl.js?v=774c8011:3408:84)
    at Li (http://localhost:5173/ap-gis-grid/node_modules/.vite/deps/maplibre-gl.js?v=774c8011:18493:34)
    at ki._validate (http://localhost:5173/ap-gis-grid/node_modules/.vite/deps/maplibre-gl.js?v=774c8011:19130:69)
    at ki.addLayer (http://localhost:5173/ap-gis-grid/node_modules/.vite/deps/maplibre-gl.js?v=774c8011:18872:152)
    at ds.addLayer (http://localhost:5173/ap-gis-grid/node_modules/.vite/deps/maplibre-gl.js?v=774c8011:23040:59)
    at addGridLayers (http://localhost:5173/ap-gis-grid/src/map/layers.ts:175:38)
    at ds.onStyle (http://localhost:5173/ap-gis-grid/src/map/MapView.tsx:126:7)
    at ds.fire (http://localhost:5173/ap-gis-grid/node_modules/.vite/deps/maplibre-gl.js?v=774c8011:498:75)
    at ds.<anonymous> (http://localhost:5173/ap-gis-grid/node_modules/.vite/deps/maplibre-gl.js?v=774c8011:22651:59)
    at ds.fire (http://localhost:5173/ap-gis-grid/node_modules/.vite/deps/maplibre-gl.js?v=774c8011:496:39) @ http://localhost:5173/ap-gis-grid/node_modules/.vite/deps/maplibre-gl.js?v=774c8011:500
[   45462ms] [ERROR] Error: layers.grid-lines-dc.paint.line-width: "zoom" expression may only be used as input to a top-level "step" or "interpolate" expression.
    at Object.hs [as C] (http://localhost:5173/ap-gis-grid/node_modules/.vite/deps/maplibre-gl.js?v=774c8011:3408:84)
    at Li (http://localhost:5173/ap-gis-grid/node_modules/.vite/deps/maplibre-gl.js?v=774c8011:18493:34)
    at ki._validate (http://localhost:5173/ap-gis-grid/node_modules/.vite/deps/maplibre-gl.js?v=774c8011:19130:69)
    at ki.addLayer (http://localhost:5173/ap-gis-grid/node_modules/.vite/deps/maplibre-gl.js?v=774c8011:18872:152)
    at ds.addLayer (http://localhost:5173/ap-gis-grid/node_modules/.vite/deps/maplibre-gl.js?v=774c8011:23040:59)
    at addGridLayers (http://localhost:5173/ap-gis-grid/src/map/layers.ts:175:38)
    at ds.onStyle (http://localhost:5173/ap-gis-grid/src/map/MapView.tsx:126:7)
    at ds.fire (http://localhost:5173/ap-gis-grid/node_modules/.vite/deps/maplibre-gl.js?v=774c8011:498:75)
    at ds.<anonymous> (http://localhost:5173/ap-gis-grid/node_modules/.vite/deps/maplibre-gl.js?v=774c8011:22651:59)
    at ds.fire (http://localhost:5173/ap-gis-grid/node_modules/.vite/deps/maplibre-gl.js?v=774c8011:496:39) @ http://localhost:5173/ap-gis-grid/node_modules/.vite/deps/maplibre-gl.js?v=774c8011:500
[   45463ms] [ERROR] Error: layers.grid-substations.paint.circle-radius: "zoom" expression may only be used as input to a top-level "step" or "interpolate" expression.
    at Object.hs [as C] (http://localhost:5173/ap-gis-grid/node_modules/.vite/deps/maplibre-gl.js?v=774c8011:3408:84)
    at Li (http://localhost:5173/ap-gis-grid/node_modules/.vite/deps/maplibre-gl.js?v=774c8011:18493:34)
    at ki._validate (http://localhost:5173/ap-gis-grid/node_modules/.vite/deps/maplibre-gl.js?v=774c8011:19130:69)
    at ki.addLayer (http://localhost:5173/ap-gis-grid/node_modules/.vite/deps/maplibre-gl.js?v=774c8011:18872:152)
    at ds.addLayer (http://localhost:5173/ap-gis-grid/node_modules/.vite/deps/maplibre-gl.js?v=774c8011:23040:59)
    at addGridLayers (http://localhost:5173/ap-gis-grid/src/map/layers.ts:175:38)
    at ds.onStyle (http://localhost:5173/ap-gis-grid/src/map/MapView.tsx:126:7)
    at ds.fire (http://localhost:5173/ap-gis-grid/node_modules/.vite/deps/maplibre-gl.js?v=774c8011:498:75)
    at ds.<anonymous> (http://localhost:5173/ap-gis-grid/node_modules/.vite/deps/maplibre-gl.js?v=774c8011:22651:59)
    at ds.fire (http://localhost:5173/ap-gis-grid/node_modules/.vite/deps/maplibre-gl.js?v=774c8011:496:39) @ http://localhost:5173/ap-gis-grid/node_modules/.vite/deps/maplibre-gl.js?v=774c8011:500
